<?xml version="1.0" encoding="UTF-8" ?>
<testsuite tests="1" failures="0" name="com.opskins.feautomation.RunCucumberTest" time="0.008" errors="1" skipped="0">
  <properties>
[...]
</properties>
  <testcase classname="com.opskins.feautomation.RunCucumberTest" name="initializationError" time="0.008">
    <error message="java.lang.NoClassDefFoundError: java/sql/Time" type="cucumber.runtime.CucumberException">cucumber.runtime.CucumberException: java.lang.NoClassDefFoundError: java/sql/Time
	at cucumber.runtime.formatter.PluginFactory.newInstance(PluginFactory.java:109)
	at cucumber.runtime.formatter.PluginFactory.instantiate(PluginFactory.java:93)
	at cucumber.runtime.formatter.PluginFactory.create(PluginFactory.java:75)
	at cucumber.runtime.formatter.Plugins.createPlugins(Plugins.java:73)
	at cucumber.runtime.formatter.Plugins.&lt;init&gt;(Plugins.java:37)
	at cucumber.api.junit.Cucumber.&lt;init&gt;(Cucumber.java:95)
	at java.base/jdk.internal.reflect.NativeConstructorAccessorImpl.newInstance0(Native Method)
	at java.base/jdk.internal.reflect.NativeConstructorAccessorImpl.newInstance(NativeConstructorAccessorImpl.java:62)
	at java.base/jdk.internal.reflect.DelegatingConstructorAccessorImpl.newInstance(DelegatingConstructorAccessorImpl.java:45)
	at java.base/java.lang.reflect.Constructor.newInstance(Constructor.java:488)
	at org.junit.internal.builders.AnnotatedBuilder.buildRunner(AnnotatedBuilder.java:104)
	at org.junit.internal.builders.AnnotatedBuilder.runnerForClass(AnnotatedBuilder.java:86)
	at org.junit.runners.model.RunnerBuilder.safeRunnerForClass(RunnerBuilder.java:59)
	at org.junit.internal.builders.AllDefaultPossibilitiesBuilder.runnerForClass(AllDefaultPossibilitiesBuilder.java:26)
	at org.junit.runners.model.RunnerBuilder.safeRunnerForClass(RunnerBuilder.java:59)
	at org.junit.internal.requests.ClassRequest.getRunner(ClassRequest.java:33)
	at org.apache.maven.surefire.junit4.JUnit4Provider.execute(JUnit4Provider.java:250)
	at org.apache.maven.surefire.junit4.JUnit4Provider.executeTestSet(JUnit4Provider.java:141)
	at org.apache.maven.surefire.junit4.JUnit4Provider.invoke(JUnit4Provider.java:112)
	at java.base/jdk.internal.reflect.NativeMethodAccessorImpl.invoke0(Native Method)
	at java.base/jdk.internal.reflect.NativeMethodAccessorImpl.invoke(NativeMethodAccessorImpl.java:62)
	at java.base/jdk.internal.reflect.DelegatingMethodAccessorImpl.invoke(DelegatingMethodAccessorImpl.java:43)
	at java.base/java.lang.reflect.Method.invoke(Method.java:564)
	at org.apache.maven.surefire.util.ReflectionUtils.invokeMethodWithArray(ReflectionUtils.java:189)
	at org.apache.maven.surefire.booter.ProviderFactory$ProviderProxy.invoke(ProviderFactory.java:165)
	at org.apache.maven.surefire.booter.ProviderFactory.invokeProvider(ProviderFactory.java:85)
	at org.apache.maven.surefire.booter.ForkedBooter.runSuitesInProcess(ForkedBooter.java:115)
	at org.apache.maven.surefire.booter.ForkedBooter.main(ForkedBooter.java:75)
Caused by: java.lang.NoClassDefFoundError: java/sql/Time
	at gherkin.deps.com.google.gson.Gson.&lt;init&gt;(Gson.java:232)
	at gherkin.deps.com.google.gson.Gson.&lt;init&gt;(Gson.java:176)
	at gherkin.GherkinDialectProvider.&lt;clinit&gt;(GherkinDialectProvider.java:21)
	at cucumber.runtime.UndefinedStepsTracker.&lt;init&gt;(UndefinedStepsTracker.java:28)
	at cucumber.runtime.formatter.DefaultSummaryPrinter.&lt;init&gt;(DefaultSummaryPrinter.java:18)
	at java.base/jdk.internal.reflect.NativeConstructorAccessorImpl.newInstance0(Native Method)
	at java.base/jdk.internal.reflect.NativeConstructorAccessorImpl.newInstance(NativeConstructorAccessorImpl.java:62)
	at java.base/jdk.internal.reflect.DelegatingConstructorAccessorImpl.newInstance(DelegatingConstructorAccessorImpl.java:45)
	at java.base/java.lang.reflect.Constructor.newInstance(Constructor.java:488)
	at cucumber.runtime.formatter.PluginFactory.newInstance(PluginFactory.java:103)
	... 27 more
Caused by: java.lang.ClassNotFoundException: java.sql.Time
	at java.base/java.net.URLClassLoader.findClass(URLClassLoader.java:466)
	at java.base/java.lang.ClassLoader.loadClass(ClassLoader.java:566)
	at java.base/java.lang.ClassLoader.loadClass(ClassLoader.java:499)
	at org.apache.maven.surefire.booter.IsolatedClassLoader.loadClass(IsolatedClassLoader.java:97)
	... 37 more
</error>
    <system-out>No features found at [classpath:com/opskins/feautomation]
</system-out>
  </testcase>
</testsuite>